<?xml version="1.0" encoding="UTF-8"?>
<testng-results ignored="0" total="2" passed="2" failed="0" skipped="0">
  <reporter-output>
  </reporter-output>
  <suite started-at="2026-01-11T18:35:17 EET" name="Default suite" finished-at="2026-01-11T18:35:49 EET" duration-ms="31960">
    <groups>
      <group name="cucumber">
        <method signature="AbstractTestNGCucumberTests.runScenario(io.cucumber.testng.PickleWrapper,io.cucumber.testng.FeatureWrapper)[pri:0, instance:com.runner.RunnerTest@291caca8]" name="runScenario" class="io.cucumber.testng.AbstractTestNGCucumberTests"/>
      </group> <!-- cucumber -->
    </groups>
    <test started-at="2026-01-11T18:35:17 EET" name="Default test" finished-at="2026-01-11T18:35:49 EET" duration-ms="31960">
      <class name="com.runner.RunnerTest">
        <test-method is-config="true" signature="setUpClass(org.testng.ITestContext)[pri:0, instance:com.runner.RunnerTest@291caca8]" started-at="2026-01-11T18:35:17 EET" name="setUpClass" finished-at="2026-01-11T18:35:18 EET" duration-ms="544" status="PASS">
          <params>
            <param index="0">
              <value>
                <![CDATA[org.testng.TestRunner@7af1d072]]>
              </value>
            </param>
          </params>
          <reporter-output>
          </reporter-output>
        </test-method> <!-- setUpClass -->
        <test-method signature="runScenario(io.cucumber.testng.PickleWrapper,io.cucumber.testng.FeatureWrapper)[pri:0, instance:com.runner.RunnerTest@291caca8]" started-at="2026-01-11T18:35:18 EET" name="runScenario" description="Runs Cucumber Scenarios" data-provider="scenarios" finished-at="2026-01-11T18:35:25 EET" duration-ms="6958" status="PASS">
          <params>
            <param index="0">
              <value>
                <![CDATA["Login with valid credentials"]]>
              </value>
            </param>
            <param index="1">
              <value>
                <![CDATA["Login page"]]>
              </value>
            </param>
          </params>
          <reporter-output>
          </reporter-output>
        </test-method> <!-- runScenario -->
        <test-method signature="runScenario(io.cucumber.testng.PickleWrapper,io.cucumber.testng.FeatureWrapper)[pri:0, instance:com.runner.RunnerTest@291caca8]" started-at="2026-01-11T18:35:25 EET" name="runScenario" description="Runs Cucumber Scenarios" data-provider="scenarios" finished-at="2026-01-11T18:35:49 EET" duration-ms="24393" status="PASS">
          <params>
            <param index="0">
              <value>
                <![CDATA["Create shipment"]]>
              </value>
            </param>
            <param index="1">
              <value>
                <![CDATA["Create Shipment flow"]]>
              </value>
            </param>
          </params>
          <reporter-output>
          </reporter-output>
        </test-method> <!-- runScenario -->
        <test-method is-config="true" signature="tearDownClass()[pri:0, instance:com.runner.RunnerTest@291caca8]" started-at="2026-01-11T18:35:49 EET" name="tearDownClass" finished-at="2026-01-11T18:35:49 EET" duration-ms="33" status="PASS">
          <reporter-output>
          </reporter-output>
        </test-method> <!-- tearDownClass -->
      </class> <!-- com.runner.RunnerTest -->
    </test> <!-- Default test -->
  </suite> <!-- Default suite -->
</testng-results>
